[INFO ] 2025-04-11 12:33:09.407 [main] [] AppUtil - AppUtil.init() - start........
[INFO ] 2025-04-11 12:33:09.670 [main] [] AppUtil - AppUtil.init() - end........
[INFO ] 2025-04-11 12:33:09.792 [main] [] DefaultSessionServiceHelper - ..........jsonString = {"mfaTotp":{"secret":"12345","retryCount":0,"verified":false,"expiryDate":"Apr 11, 2025, 12:33:09 PM","lastRetryDate":null},"mfaOtp":null}
[INFO ] 2025-04-11 12:33:09.915 [main] [] DefaultSessionServiceHelper - ..........mfaVOList = MfaInfo [mfaTotp = MfaTOTP [secret=***, Base=MfaVO [type=TOTP, verified=false, expiryDate=Fri Apr 11 12:33:09 EDT 2025, retryCount=0, lastRetryDate=null]], mfaOtp = null
[INFO ] 2025-04-11 12:33:09.921 [main] [] AppUtil - ---------1-------MfaInfo [mfaTotp = MfaTOTP [secret=***, Base=MfaVO [type=TOTP, verified=false, expiryDate=Fri Apr 11 12:33:09 EDT 2025, retryCount=0, lastRetryDate=null]], mfaOtp = null
[INFO ] 2025-04-11 12:33:09.924 [main] [] AppUtil - ---------2-------MfaInfo [mfaTotp = MfaTOTP [secret=***, Base=MfaVO [type=TOTP, verified=false, expiryDate=Fri Apr 11 12:33:09 EDT 2025, retryCount=0, lastRetryDate=null]], mfaOtp = MfaOTP [code=***, Base=MfaVO [type=OTP, verified=false, expiryDate=Fri Apr 11 12:33:09 EDT 2025, retryCount=0, lastRetryDate=null]]
[INFO ] 2025-04-11 12:33:09.930 [main] [] DefaultSessionServiceHelper - ..........jsonString = {"mfaTotp":{"secret":"12345","retryCount":0,"verified":false,"expiryDate":"Apr 11, 2025, 12:33:09 PM","lastRetryDate":null},"mfaOtp":null}
[INFO ] 2025-04-11 12:33:09.938 [main] [] DefaultSessionServiceHelper - ..........mfaVOList = MfaInfo [mfaTotp = MfaTOTP [secret=***, Base=MfaVO [type=TOTP, verified=false, expiryDate=Fri Apr 11 12:33:09 EDT 2025, retryCount=0, lastRetryDate=null]], mfaOtp = null
[INFO ] 2025-04-11 12:33:09.948 [main] [] AppUtil - ---------3-------MfaInfo [mfaTotp = MfaTOTP [secret=***, Base=MfaVO [type=TOTP, verified=false, expiryDate=Fri Apr 11 12:33:09 EDT 2025, retryCount=0, lastRetryDate=null]], mfaOtp = null
[INFO ] 2025-04-11 12:35:12.804 [main] [] AppUtil - AppUtil.init() - start........
[INFO ] 2025-04-11 12:35:12.918 [main] [] AppUtil - AppUtil.init() - end........
[INFO ] 2025-04-11 12:35:13.084 [main] [] DefaultSessionServiceHelper - ..........jsonString = {"mfaTotp":{"secret":"12345","retryCount":0,"verified":false,"expiryDate":"Apr 11, 2025, 12:35:12 PM","lastRetryDate":null},"mfaOtp":null}
[INFO ] 2025-04-11 12:35:13.206 [main] [] DefaultSessionServiceHelper - ..........mfaVOList = MfaInfo [mfaTotp = MfaTOTP [secret=***, Base=MfaVO [type=TOTP, verified=false, expiryDate=Fri Apr 11 12:35:12 EDT 2025, retryCount=0, lastRetryDate=null]], mfaOtp = null
[INFO ] 2025-04-11 12:35:13.216 [main] [] AppUtil - ---------1-------MfaInfo [mfaTotp = MfaTOTP [secret=***, Base=MfaVO [type=TOTP, verified=false, expiryDate=Fri Apr 11 12:35:12 EDT 2025, retryCount=0, lastRetryDate=null]], mfaOtp = null
[INFO ] 2025-04-11 12:35:13.232 [main] [] AppUtil - ---------2-------MfaInfo [mfaTotp = MfaTOTP [secret=***, Base=MfaVO [type=TOTP, verified=false, expiryDate=Fri Apr 11 12:35:12 EDT 2025, retryCount=0, lastRetryDate=null]], mfaOtp = MfaOTP [code=***, Base=MfaVO [type=OTP, verified=false, expiryDate=Fri Apr 11 12:35:12 EDT 2025, retryCount=0, lastRetryDate=null]]
[INFO ] 2025-04-11 12:35:13.242 [main] [] DefaultSessionServiceHelper - ..........jsonString = {"mfaTotp":{"secret":"12345","retryCount":0,"verified":false,"expiryDate":"Apr 11, 2025, 12:35:12 PM","lastRetryDate":null},"mfaOtp":{"code":"12345","retryCount":0,"verified":false,"expiryDate":"Apr 11, 2025, 12:35:12 PM","lastRetryDate":null}}
[INFO ] 2025-04-11 12:35:13.256 [main] [] DefaultSessionServiceHelper - ..........mfaVOList = MfaInfo [mfaTotp = MfaTOTP [secret=***, Base=MfaVO [type=TOTP, verified=false, expiryDate=Fri Apr 11 12:35:12 EDT 2025, retryCount=0, lastRetryDate=null]], mfaOtp = MfaOTP [code=***, Base=MfaVO [type=OTP, verified=false, expiryDate=Fri Apr 11 12:35:12 EDT 2025, retryCount=0, lastRetryDate=null]]
[INFO ] 2025-04-11 12:35:13.273 [main] [] AppUtil - ---------3-------MfaInfo [mfaTotp = MfaTOTP [secret=***, Base=MfaVO [type=TOTP, verified=false, expiryDate=Fri Apr 11 12:35:12 EDT 2025, retryCount=0, lastRetryDate=null]], mfaOtp = MfaOTP [code=***, Base=MfaVO [type=OTP, verified=false, expiryDate=Fri Apr 11 12:35:12 EDT 2025, retryCount=0, lastRetryDate=null]]
[INFO ] 2025-04-11 12:59:09.348 [main] [] AppUtil - AppUtil.init() - start........
[INFO ] 2025-04-11 12:59:09.511 [main] [] AppUtil - AppUtil.init() - end........
[INFO ] 2025-04-11 12:59:09.697 [main] [] DefaultSessionServiceHelper - ..........jsonString = {"mfaTotp":{"secret":"12345","retryCount":0,"verified":false,"expiryDate":"Apr 11, 2025, 12:59:09 PM","lastRetryDate":null},"mfaOtp":null}
[INFO ] 2025-04-11 12:59:09.751 [main] [] DefaultSessionServiceHelper - ..........mfaVOList = MfaInfo [mfaTotp = MfaTOTP [secret=***, Base=MfaVO [type=TOTP, verified=false, expiryDate=Fri Apr 11 12:59:09 EDT 2025, retryCount=0, lastRetryDate=null]], mfaOtp = null
[INFO ] 2025-04-11 12:59:09.755 [main] [] AppUtil - ---------1-------MfaInfo [mfaTotp = MfaTOTP [secret=***, Base=MfaVO [type=TOTP, verified=false, expiryDate=Fri Apr 11 12:59:09 EDT 2025, retryCount=0, lastRetryDate=null]], mfaOtp = null
[INFO ] 2025-04-11 12:59:09.762 [main] [] AppUtil - ---------2-------MfaInfo [mfaTotp = MfaTOTP [secret=***, Base=MfaVO [type=TOTP, verified=false, expiryDate=Fri Apr 11 12:59:09 EDT 2025, retryCount=0, lastRetryDate=null]], mfaOtp = MfaOTP [code=***, Base=MfaVO [type=OTP, verified=false, expiryDate=Fri Apr 11 12:59:09 EDT 2025, retryCount=0, lastRetryDate=null]]
[INFO ] 2025-04-11 12:59:09.769 [main] [] DefaultSessionServiceHelper - ..........jsonString = {"mfaTotp":{"secret":"12345","retryCount":0,"verified":false,"expiryDate":"Apr 11, 2025, 12:59:09 PM","lastRetryDate":null},"mfaOtp":{"code":"12345","retryCount":0,"verified":false,"expiryDate":"Apr 11, 2025, 12:59:09 PM","lastRetryDate":null}}
[INFO ] 2025-04-11 12:59:09.781 [main] [] DefaultSessionServiceHelper - ..........mfaVOList = MfaInfo [mfaTotp = MfaTOTP [secret=***, Base=MfaVO [type=TOTP, verified=false, expiryDate=Fri Apr 11 12:59:09 EDT 2025, retryCount=0, lastRetryDate=null]], mfaOtp = MfaOTP [code=***, Base=MfaVO [type=OTP, verified=false, expiryDate=Fri Apr 11 12:59:09 EDT 2025, retryCount=0, lastRetryDate=null]]
[INFO ] 2025-04-11 12:59:09.785 [main] [] AppUtil - ---------3-------MfaInfo [mfaTotp = MfaTOTP [secret=***, Base=MfaVO [type=TOTP, verified=false, expiryDate=Fri Apr 11 12:59:09 EDT 2025, retryCount=0, lastRetryDate=null]], mfaOtp = MfaOTP [code=***, Base=MfaVO [type=OTP, verified=false, expiryDate=Fri Apr 11 12:59:09 EDT 2025, retryCount=0, lastRetryDate=null]]
